/*C2*/SET SCHEMA PUBLIC
DELETE FROM ADDITIONAL_INFO WHERE ADDITIONALINFOID=1
INSERT INTO ADDITIONAL_INFO VALUES(1,1,'Maxicare',NULL,'Ruby Dasalla','Call Center Agent','Smile Dental Clinic','WHY NOT','Danilo Hermosa',NULL,'Charlotte Chua','09208694661','Pediatrician','09208694661')
COMMIT
DELETE FROM ADDITIONAL_INFO WHERE ADDITIONALINFOID=1
INSERT INTO ADDITIONAL_INFO VALUES(1,1,'Maxicare','2015-08-06','Ruby Dasalla','Call Center Agent','Smile Dental Clinic','Why not?','Danilo Hermosa','2015-05-03','Charlotte Chua','09208694661','Pediatrician','09208694661')
COMMIT
INSERT INTO MEDICAL_HISTORY VALUES(102,1,'Yes','No','No','No','No','No','No','No','No',NULL,NULL,'000/000','No','','',NULL)
COMMIT
INSERT INTO MEDICAL_HISTORY VALUES(103,1,'Yes','No','No','No','No','No','No','No','No',NULL,NULL,'000/000','No','','',NULL)
COMMIT
INSERT INTO MEDICAL_HISTORY VALUES(105,1,'Yes','No','No','No','No','No','No','No','No','No',NULL,NULL,NULL,'000/000','','null')
COMMIT
INSERT INTO MEDICAL_HISTORY VALUES(106,1,'Yes','No','No','No','No','No','No','No','No','No','',NULL,'A','000/000','','null')
COMMIT
DELETE FROM MEDICAL_HISTORY WHERE MEDICALHISTORYID=102
DELETE FROM MEDICAL_HISTORY WHERE MEDICALHISTORYID=103
DELETE FROM MEDICAL_HISTORY WHERE MEDICALHISTORYID=105
COMMIT
DELETE FROM MEDICAL_HISTORY WHERE MEDICALHISTORYID=106
COMMIT
alter table "PUBLIC"."MEDICAL_HISTORY" add Date DATE
